{"/home/matheus/dev/node/nodejs-microservice-test/validators/peoplevalidator.js":{"path":"/home/matheus/dev/node/nodejs-microservice-test/validators/peoplevalidator.js","s":{"1":1,"2":1,"3":1,"4":1,"5":1,"6":1,"7":1,"8":1,"9":1,"10":1,"11":1,"12":1,"13":1,"14":1,"15":0,"16":0,"17":0,"18":1,"19":0,"20":0,"21":1,"22":1},"b":{"1":[1,0],"2":[0,1],"3":[0,0],"4":[0,1]},"f":{},"fnMap":{},"statementMap":{"1":{"start":{"line":7,"column":0},"end":{"line":7,"column":34}},"2":{"start":{"line":8,"column":0},"end":{"line":8,"column":61}},"3":{"start":{"line":10,"column":0},"end":{"line":10,"column":48}},"4":{"start":{"line":11,"column":0},"end":{"line":11,"column":32}},"5":{"start":{"line":13,"column":0},"end":{"line":39,"column":2}},"6":{"start":{"line":41,"column":0},"end":{"line":43,"column":2}},"7":{"start":{"line":42,"column":2},"end":{"line":42,"column":50}},"8":{"start":{"line":45,"column":0},"end":{"line":69,"column":2}},"9":{"start":{"line":46,"column":2},"end":{"line":46,"column":46}},"10":{"start":{"line":48,"column":2},"end":{"line":48,"column":24}},"11":{"start":{"line":49,"column":2},"end":{"line":49,"column":19}},"12":{"start":{"line":51,"column":2},"end":{"line":61,"column":3}},"13":{"start":{"line":52,"column":4},"end":{"line":56,"column":7}},"14":{"start":{"line":53,"column":6},"end":{"line":55,"column":7}},"15":{"start":{"line":54,"column":8},"end":{"line":54,"column":22}},"16":{"start":{"line":58,"column":4},"end":{"line":60,"column":5}},"17":{"start":{"line":59,"column":6},"end":{"line":59,"column":20}},"18":{"start":{"line":63,"column":2},"end":{"line":66,"column":3}},"19":{"start":{"line":64,"column":4},"end":{"line":64,"column":33}},"20":{"start":{"line":65,"column":4},"end":{"line":65,"column":48}},"21":{"start":{"line":68,"column":2},"end":{"line":68,"column":15}},"22":{"start":{"line":71,"column":0},"end":{"line":73,"column":2}}},"branchMap":{"1":{"line":51,"type":"if","locations":[{"start":{"line":51,"column":2},"end":{"line":51,"column":2}},{"start":{"line":51,"column":2},"end":{"line":51,"column":2}}]},"2":{"line":53,"type":"if","locations":[{"start":{"line":53,"column":6},"end":{"line":53,"column":6}},{"start":{"line":53,"column":6},"end":{"line":53,"column":6}}]},"3":{"line":58,"type":"if","locations":[{"start":{"line":58,"column":4},"end":{"line":58,"column":4}},{"start":{"line":58,"column":4},"end":{"line":58,"column":4}}]},"4":{"line":63,"type":"if","locations":[{"start":{"line":63,"column":2},"end":{"line":63,"column":2}},{"start":{"line":63,"column":2},"end":{"line":63,"column":2}}]}}},"/home/matheus/dev/node/nodejs-microservice-test/api/httpstatuscodes.js":{"path":"/home/matheus/dev/node/nodejs-microservice-test/api/httpstatuscodes.js","s":{"1":1},"b":{},"f":{},"fnMap":{},"statementMap":{"1":{"start":{"line":5,"column":0},"end":{"line":11,"column":2}}},"branchMap":{}}}