TN:
SF:/home/matheus/dev/node/nodejs-microservice-test/validators/peoplevalidator.js
FNF:0
FNH:0
DA:7,1
DA:8,1
DA:10,1
DA:11,1
DA:13,1
DA:41,1
DA:42,1
DA:45,1
DA:46,1
DA:48,1
DA:49,1
DA:51,1
DA:52,1
DA:53,1
DA:54,0
DA:58,0
DA:59,0
DA:63,1
DA:64,0
DA:65,0
DA:68,1
DA:71,1
LF:22
LH:17
BRDA:51,1,0,1
BRDA:51,1,1,0
BRDA:53,2,0,0
BRDA:53,2,1,1
BRDA:58,3,0,0
BRDA:58,3,1,0
BRDA:63,4,0,0
BRDA:63,4,1,1
BRF:8
BRH:3
end_of_record
TN:
SF:/home/matheus/dev/node/nodejs-microservice-test/api/httpstatuscodes.js
FNF:0
FNH:0
DA:5,1
LF:1
LH:1
BRF:0
BRH:0
end_of_record
